-- The C compiler identification is GNU 13.3.0
-- The CXX compiler identification is GNU 13.3.0
-- Detecting C compiler ABI info
-- Detecting C compiler ABI info - done
-- Check for working C compiler: /usr/bin/cc - skipped
-- Detecting C compile features
-- Detecting C compile features - done
-- Detecting CXX compiler ABI info
-- Detecting CXX compiler ABI info - done
-- Check for working CXX compiler: /usr/bin/c++ - skipped
-- Detecting CXX compile features
-- Detecting CXX compile features - done
-- Found ament_cmake: 2.7.3 (/opt/ros/kilted/share/ament_cmake/cmake)
-- Found Python3: /usr/bin/python3 (found version "3.12.3") found components: Interpreter 
-- Override CMake install command with custom implementation using symlinks instead of copying resources
-- Found rosidl_default_generators: 1.7.1 (/opt/ros/kilted/share/rosidl_default_generators/cmake)
-- Using all available rosidl_typesupport_c: rosidl_typesupport_fastrtps_c;rosidl_typesupport_introspection_c
-- Using all available rosidl_typesupport_cpp: rosidl_typesupport_fastrtps_cpp;rosidl_typesupport_introspection_cpp
-- Found rosidl_adapter: 4.9.4 (/opt/ros/kilted/share/rosidl_adapter/cmake)
-- Found ament_cmake_ros_core: 0.14.3 (/opt/ros/kilted/share/ament_cmake_ros_core/cmake)
-- Using all available rosidl_typesupport_c: rosidl_typesupport_fastrtps_c;rosidl_typesupport_introspection_c
-- Using all available rosidl_typesupport_cpp: rosidl_typesupport_fastrtps_cpp;rosidl_typesupport_introspection_cpp
-- Found Python3: /usr/bin/python3 (found version "3.12.3") found components: Interpreter Development NumPy Development.Module Development.Embed 
-- Found ament_lint_auto: 0.19.2 (/opt/ros/kilted/share/ament_lint_auto/cmake)
-- Added test 'lint_cmake' to check CMake code style
-- Added test 'xmllint' to check XML markup files
-- Configuring done (4.4s)
-- Generating done (0.0s)
-- Build files have been written to: /home/yash_ubuntu/my_ws/src/build/custom_interface
[  2%] [34m[1mGenerating type hashes for ROS interfaces[0m
[  2%] Built target ament_cmake_python_symlink_custom_interface
[  2%] Built target custom_interface__rosidl_generator_type_description
[  5%] [34m[1mGenerating C code for ROS interfaces[0m
running egg_info
creating custom_interface.egg-info
[  8%] [34m[1mGenerating C++ code for ROS interfaces[0m
writing custom_interface.egg-info/PKG-INFO
writing dependency_links to custom_interface.egg-info/dependency_links.txt
writing top-level names to custom_interface.egg-info/top_level.txt
writing manifest file 'custom_interface.egg-info/SOURCES.txt'
reading manifest file 'custom_interface.egg-info/SOURCES.txt'
writing manifest file 'custom_interface.egg-info/SOURCES.txt'
[  8%] Built target ament_cmake_python_build_custom_interface_egg
[ 11%] [32mBuilding C object CMakeFiles/custom_interface__rosidl_generator_c.dir/rosidl_generator_c/custom_interface/srv/detail/add_two_ints__description.c.o[0m
[ 14%] [32mBuilding C object CMakeFiles/custom_interface__rosidl_generator_c.dir/rosidl_generator_c/custom_interface/srv/detail/add_two_ints__type_support.c.o[0m
[ 17%] [32mBuilding C object CMakeFiles/custom_interface__rosidl_generator_c.dir/rosidl_generator_c/custom_interface/srv/detail/add_two_ints__functions.c.o[0m
[ 17%] Built target custom_interface__cpp
[ 20%] [32m[1mLinking C shared library libcustom_interface__rosidl_generator_c.so[0m
[ 20%] Built target custom_interface__rosidl_generator_c
[ 23%] [34m[1mGenerating C type support dispatch for ROS interfaces[0m
[ 26%] [34m[1mGenerating C type support for eProsima Fast-RTPS[0m
[ 29%] [34m[1mGenerating C++ introspection for ROS interfaces[0m
[ 32%] [34m[1mGenerating C++ type support dispatch for ROS interfaces[0m
[ 35%] [34m[1mGenerating C introspection for ROS interfaces[0m
[ 38%] [34m[1mGenerating C++ type support for eProsima Fast-RTPS[0m
[ 41%] [32mBuilding CXX object CMakeFiles/custom_interface__rosidl_typesupport_c.dir/rosidl_typesupport_c/custom_interface/srv/add_two_ints__type_support.cpp.o[0m
[ 44%] [32mBuilding CXX object CMakeFiles/custom_interface__rosidl_typesupport_cpp.dir/rosidl_typesupport_cpp/custom_interface/srv/add_two_ints__type_support.cpp.o[0m
[ 47%] [32m[1mLinking CXX shared library libcustom_interface__rosidl_typesupport_c.so[0m
[ 50%] [32mBuilding CXX object CMakeFiles/custom_interface__rosidl_typesupport_fastrtps_cpp.dir/rosidl_typesupport_fastrtps_cpp/custom_interface/srv/detail/dds_fastrtps/add_two_ints__type_support.cpp.o[0m
[ 52%] [32mBuilding CXX object CMakeFiles/custom_interface__rosidl_typesupport_fastrtps_c.dir/rosidl_typesupport_fastrtps_c/custom_interface/srv/detail/add_two_ints__type_support_c.cpp.o[0m
[ 55%] [32mBuilding CXX object CMakeFiles/custom_interface__rosidl_typesupport_introspection_cpp.dir/rosidl_typesupport_introspection_cpp/custom_interface/srv/detail/add_two_ints__type_support.cpp.o[0m
[ 55%] Built target custom_interface__rosidl_typesupport_c
[ 58%] [32mBuilding C object CMakeFiles/custom_interface__rosidl_typesupport_introspection_c.dir/rosidl_typesupport_introspection_c/custom_interface/srv/detail/add_two_ints__type_support.c.o[0m
[ 61%] [32m[1mLinking C shared library libcustom_interface__rosidl_typesupport_introspection_c.so[0m
[ 61%] Built target custom_interface__rosidl_typesupport_introspection_c
[ 64%] [32m[1mLinking CXX shared library libcustom_interface__rosidl_typesupport_cpp.so[0m
[ 64%] Built target custom_interface__rosidl_typesupport_cpp
[ 67%] [32m[1mLinking CXX shared library libcustom_interface__rosidl_typesupport_introspection_cpp.so[0m
[ 70%] [32m[1mLinking CXX shared library libcustom_interface__rosidl_typesupport_fastrtps_c.so[0m
[ 70%] Built target custom_interface__rosidl_typesupport_introspection_cpp
[ 70%] Built target custom_interface__rosidl_typesupport_fastrtps_c
[ 73%] [32m[1mLinking CXX shared library libcustom_interface__rosidl_typesupport_fastrtps_cpp.so[0m
[ 73%] Built target custom_interface__rosidl_typesupport_fastrtps_cpp
[ 73%] Built target custom_interface
[ 76%] [34m[1mGenerating Python code for ROS interfaces[0m
[ 76%] Built target custom_interface__py
[ 79%] [32mBuilding C object CMakeFiles/custom_interface__rosidl_generator_py.dir/rosidl_generator_py/custom_interface/srv/_add_two_ints_s.c.o[0m
[ 82%] [32m[1mLinking C shared library libcustom_interface__rosidl_generator_py.so[0m
[ 82%] Built target custom_interface__rosidl_generator_py
[ 91%] [32mBuilding C object CMakeFiles/custom_interface_s__rosidl_typesupport_introspection_c.dir/rosidl_generator_py/custom_interface/_custom_interface_s.ep.rosidl_typesupport_introspection_c.c.o[0m
[ 91%] [32mBuilding C object CMakeFiles/custom_interface_s__rosidl_typesupport_fastrtps_c.dir/rosidl_generator_py/custom_interface/_custom_interface_s.ep.rosidl_typesupport_fastrtps_c.c.o[0m
[ 91%] [32mBuilding C object CMakeFiles/custom_interface_s__rosidl_typesupport_c.dir/rosidl_generator_py/custom_interface/_custom_interface_s.ep.rosidl_typesupport_c.c.o[0m
[ 94%] [32m[1mLinking C shared module rosidl_generator_py/custom_interface/custom_interface_s__rosidl_typesupport_fastrtps_c.so[0m
[ 97%] [32m[1mLinking C shared module rosidl_generator_py/custom_interface/custom_interface_s__rosidl_typesupport_introspection_c.so[0m
[100%] [32m[1mLinking C shared module rosidl_generator_py/custom_interface/custom_interface_s__rosidl_typesupport_c.so[0m
[100%] Built target custom_interface_s__rosidl_typesupport_c
[100%] Built target custom_interface_s__rosidl_typesupport_introspection_c
[100%] Built target custom_interface_s__rosidl_typesupport_fastrtps_c
-- Install configuration: ""
-- Execute custom install script
-- Symlinking: /home/yash_ubuntu/my_ws/src/install/custom_interface/share/ament_index/resource_index/rosidl_interfaces/custom_interface
-- Symlinking: /home/yash_ubuntu/my_ws/src/install/custom_interface/share/custom_interface/srv/AddTwoInts.json
-- Symlinking: /home/yash_ubuntu/my_ws/src/install/custom_interface/include/custom_interface/custom_interface/msg/rosidl_generator_c__visibility_control.h
-- Symlinking: /home/yash_ubuntu/my_ws/src/install/custom_interface/include/custom_interface/custom_interface/srv/add_two_ints.h
-- Symlinking: /home/yash_ubuntu/my_ws/src/install/custom_interface/include/custom_interface/custom_interface/srv/detail/add_two_ints__functions.h
-- Symlinking: /home/yash_ubuntu/my_ws/src/install/custom_interface/include/custom_interface/custom_interface/srv/detail/add_two_ints__struct.h
-- Symlinking: /home/yash_ubuntu/my_ws/src/install/custom_interface/include/custom_interface/custom_interface/srv/detail/add_two_ints__type_support.h
-- Symlinking: /home/yash_ubuntu/my_ws/src/install/custom_interface/share/custom_interface/environment/library_path.sh
-- Symlinking: /home/yash_ubuntu/my_ws/src/install/custom_interface/share/custom_interface/environment/library_path.dsv
-- Symlinking: /home/yash_ubuntu/my_ws/src/install/custom_interface/include/custom_interface/custom_interface/msg/rosidl_typesupport_fastrtps_c__visibility_control.h
-- Symlinking: /home/yash_ubuntu/my_ws/src/install/custom_interface/include/custom_interface/custom_interface/srv/detail/add_two_ints__rosidl_typesupport_fastrtps_c.h
-- Symlinking: /home/yash_ubuntu/my_ws/src/install/custom_interface/include/custom_interface/custom_interface/msg/rosidl_typesupport_introspection_c__visibility_control.h
-- Symlinking: /home/yash_ubuntu/my_ws/src/install/custom_interface/include/custom_interface/custom_interface/srv/detail/add_two_ints__rosidl_typesupport_introspection_c.h
-- Symlinking: /home/yash_ubuntu/my_ws/src/install/custom_interface/include/custom_interface/custom_interface/msg/rosidl_generator_cpp__visibility_control.hpp
-- Symlinking: /home/yash_ubuntu/my_ws/src/install/custom_interface/include/custom_interface/custom_interface/srv/add_two_ints.hpp
-- Symlinking: /home/yash_ubuntu/my_ws/src/install/custom_interface/include/custom_interface/custom_interface/srv/detail/add_two_ints__builder.hpp
-- Symlinking: /home/yash_ubuntu/my_ws/src/install/custom_interface/include/custom_interface/custom_interface/srv/detail/add_two_ints__struct.hpp
-- Symlinking: /home/yash_ubuntu/my_ws/src/install/custom_interface/include/custom_interface/custom_interface/srv/detail/add_two_ints__traits.hpp
-- Symlinking: /home/yash_ubuntu/my_ws/src/install/custom_interface/include/custom_interface/custom_interface/srv/detail/add_two_ints__type_support.hpp
-- Symlinking: /home/yash_ubuntu/my_ws/src/install/custom_interface/include/custom_interface/custom_interface/msg/rosidl_typesupport_fastrtps_cpp__visibility_control.h
-- Symlinking: /home/yash_ubuntu/my_ws/src/install/custom_interface/include/custom_interface/custom_interface/srv/detail/add_two_ints__rosidl_typesupport_fastrtps_cpp.hpp
-- Symlinking: /home/yash_ubuntu/my_ws/src/install/custom_interface/include/custom_interface/custom_interface/srv/detail/add_two_ints__rosidl_typesupport_introspection_cpp.hpp
-- Symlinking: /home/yash_ubuntu/my_ws/src/install/custom_interface/share/custom_interface/environment/pythonpath.sh
-- Symlinking: /home/yash_ubuntu/my_ws/src/install/custom_interface/share/custom_interface/environment/pythonpath.dsv
-- Symlinking: /home/yash_ubuntu/my_ws/src/install/custom_interface/lib/python3.12/site-packages/custom_interface-0.0.0-py3.12.egg-info/PKG-INFO
-- Symlinking: /home/yash_ubuntu/my_ws/src/install/custom_interface/lib/python3.12/site-packages/custom_interface-0.0.0-py3.12.egg-info/SOURCES.txt
-- Symlinking: /home/yash_ubuntu/my_ws/src/install/custom_interface/lib/python3.12/site-packages/custom_interface-0.0.0-py3.12.egg-info/dependency_links.txt
-- Symlinking: /home/yash_ubuntu/my_ws/src/install/custom_interface/lib/python3.12/site-packages/custom_interface-0.0.0-py3.12.egg-info/top_level.txt
-- Symlinking: /home/yash_ubuntu/my_ws/src/install/custom_interface/lib/python3.12/site-packages/custom_interface/__init__.py
-- Symlinking: /home/yash_ubuntu/my_ws/src/install/custom_interface/lib/python3.12/site-packages/custom_interface/_custom_interface_s.ep.rosidl_typesupport_c.c
-- Symlinking: /home/yash_ubuntu/my_ws/src/install/custom_interface/lib/python3.12/site-packages/custom_interface/_custom_interface_s.ep.rosidl_typesupport_fastrtps_c.c
-- Symlinking: /home/yash_ubuntu/my_ws/src/install/custom_interface/lib/python3.12/site-packages/custom_interface/_custom_interface_s.ep.rosidl_typesupport_introspection_c.c
-- Symlinking: /home/yash_ubuntu/my_ws/src/install/custom_interface/lib/python3.12/site-packages/custom_interface/custom_interface_s__rosidl_typesupport_c.so
-- Symlinking: /home/yash_ubuntu/my_ws/src/install/custom_interface/lib/python3.12/site-packages/custom_interface/custom_interface_s__rosidl_typesupport_fastrtps_c.so
-- Symlinking: /home/yash_ubuntu/my_ws/src/install/custom_interface/lib/python3.12/site-packages/custom_interface/custom_interface_s__rosidl_typesupport_introspection_c.so
-- Symlinking: /home/yash_ubuntu/my_ws/src/install/custom_interface/lib/python3.12/site-packages/custom_interface/srv/__init__.py
-- Symlinking: /home/yash_ubuntu/my_ws/src/install/custom_interface/lib/python3.12/site-packages/custom_interface/srv/_add_two_ints.py
-- Symlinking: /home/yash_ubuntu/my_ws/src/install/custom_interface/lib/python3.12/site-packages/custom_interface/srv/_add_two_ints_s.c
-- Up-to-date symlink: /home/yash_ubuntu/my_ws/src/install/custom_interface/lib/python3.12/site-packages/custom_interface/custom_interface_s__rosidl_typesupport_fastrtps_c.so
-- Up-to-date symlink: /home/yash_ubuntu/my_ws/src/install/custom_interface/lib/python3.12/site-packages/custom_interface/custom_interface_s__rosidl_typesupport_introspection_c.so
-- Up-to-date symlink: /home/yash_ubuntu/my_ws/src/install/custom_interface/lib/python3.12/site-packages/custom_interface/custom_interface_s__rosidl_typesupport_c.so
-- Symlinking: /home/yash_ubuntu/my_ws/src/install/custom_interface/share/custom_interface/srv/AddTwoInts.idl
-- Symlinking: /home/yash_ubuntu/my_ws/src/install/custom_interface/share/custom_interface/srv/AddTwoInts.srv
-- Symlinking: /home/yash_ubuntu/my_ws/src/install/custom_interface/share/ament_index/resource_index/package_run_dependencies/custom_interface
-- Symlinking: /home/yash_ubuntu/my_ws/src/install/custom_interface/share/ament_index/resource_index/parent_prefix_path/custom_interface
-- Symlinking: /home/yash_ubuntu/my_ws/src/install/custom_interface/share/custom_interface/environment/ament_prefix_path.sh
-- Symlinking: /home/yash_ubuntu/my_ws/src/install/custom_interface/share/custom_interface/environment/ament_prefix_path.dsv
-- Symlinking: /home/yash_ubuntu/my_ws/src/install/custom_interface/share/custom_interface/environment/path.sh
-- Symlinking: /home/yash_ubuntu/my_ws/src/install/custom_interface/share/custom_interface/environment/path.dsv
-- Symlinking: /home/yash_ubuntu/my_ws/src/install/custom_interface/share/custom_interface/local_setup.bash
-- Symlinking: /home/yash_ubuntu/my_ws/src/install/custom_interface/share/custom_interface/local_setup.sh
-- Symlinking: /home/yash_ubuntu/my_ws/src/install/custom_interface/share/custom_interface/local_setup.zsh
-- Symlinking: /home/yash_ubuntu/my_ws/src/install/custom_interface/share/custom_interface/local_setup.dsv
-- Symlinking: /home/yash_ubuntu/my_ws/src/install/custom_interface/share/custom_interface/package.dsv
-- Symlinking: /home/yash_ubuntu/my_ws/src/install/custom_interface/share/ament_index/resource_index/packages/custom_interface
-- Symlinking: /home/yash_ubuntu/my_ws/src/install/custom_interface/share/custom_interface/cmake/rosidl_cmake-extras.cmake
-- Symlinking: /home/yash_ubuntu/my_ws/src/install/custom_interface/share/custom_interface/cmake/ament_cmake_export_dependencies-extras.cmake
-- Symlinking: /home/yash_ubuntu/my_ws/src/install/custom_interface/share/custom_interface/cmake/ament_cmake_export_include_directories-extras.cmake
-- Symlinking: /home/yash_ubuntu/my_ws/src/install/custom_interface/share/custom_interface/cmake/ament_cmake_export_libraries-extras.cmake
-- Symlinking: /home/yash_ubuntu/my_ws/src/install/custom_interface/share/custom_interface/cmake/ament_cmake_export_targets-extras.cmake
-- Symlinking: /home/yash_ubuntu/my_ws/src/install/custom_interface/share/custom_interface/cmake/rosidl_cmake_export_typesupport_targets-extras.cmake
-- Symlinking: /home/yash_ubuntu/my_ws/src/install/custom_interface/share/custom_interface/cmake/rosidl_cmake_export_typesupport_libraries-extras.cmake
-- Symlinking: /home/yash_ubuntu/my_ws/src/install/custom_interface/share/custom_interface/cmake/custom_interfaceConfig.cmake
-- Symlinking: /home/yash_ubuntu/my_ws/src/install/custom_interface/share/custom_interface/cmake/custom_interfaceConfig-version.cmake
-- Symlinking: /home/yash_ubuntu/my_ws/src/install/custom_interface/share/custom_interface/package.xml
-- Installing: /home/yash_ubuntu/my_ws/src/install/custom_interface/lib/libcustom_interface__rosidl_generator_c.so
-- Set non-toolchain portion of runtime path of "/home/yash_ubuntu/my_ws/src/install/custom_interface/lib/libcustom_interface__rosidl_generator_c.so" to ""
-- Installing: /home/yash_ubuntu/my_ws/src/install/custom_interface/lib/libcustom_interface__rosidl_typesupport_fastrtps_c.so
-- Set non-toolchain portion of runtime path of "/home/yash_ubuntu/my_ws/src/install/custom_interface/lib/libcustom_interface__rosidl_typesupport_fastrtps_c.so" to ""
-- Installing: /home/yash_ubuntu/my_ws/src/install/custom_interface/lib/libcustom_interface__rosidl_typesupport_introspection_c.so
-- Set non-toolchain portion of runtime path of "/home/yash_ubuntu/my_ws/src/install/custom_interface/lib/libcustom_interface__rosidl_typesupport_introspection_c.so" to ""
-- Installing: /home/yash_ubuntu/my_ws/src/install/custom_interface/lib/libcustom_interface__rosidl_typesupport_c.so
-- Set non-toolchain portion of runtime path of "/home/yash_ubuntu/my_ws/src/install/custom_interface/lib/libcustom_interface__rosidl_typesupport_c.so" to ""
-- Installing: /home/yash_ubuntu/my_ws/src/install/custom_interface/lib/libcustom_interface__rosidl_typesupport_fastrtps_cpp.so
-- Set non-toolchain portion of runtime path of "/home/yash_ubuntu/my_ws/src/install/custom_interface/lib/libcustom_interface__rosidl_typesupport_fastrtps_cpp.so" to ""
-- Installing: /home/yash_ubuntu/my_ws/src/install/custom_interface/lib/libcustom_interface__rosidl_typesupport_introspection_cpp.so
-- Set non-toolchain portion of runtime path of "/home/yash_ubuntu/my_ws/src/install/custom_interface/lib/libcustom_interface__rosidl_typesupport_introspection_cpp.so" to ""
-- Installing: /home/yash_ubuntu/my_ws/src/install/custom_interface/lib/libcustom_interface__rosidl_typesupport_cpp.so
-- Set non-toolchain portion of runtime path of "/home/yash_ubuntu/my_ws/src/install/custom_interface/lib/libcustom_interface__rosidl_typesupport_cpp.so" to ""
Listing '/home/yash_ubuntu/my_ws/src/install/custom_interface/lib/python3.12/site-packages/custom_interface'...
Compiling '/home/yash_ubuntu/my_ws/src/install/custom_interface/lib/python3.12/site-packages/custom_interface/__init__.py'...
Listing '/home/yash_ubuntu/my_ws/src/install/custom_interface/lib/python3.12/site-packages/custom_interface/srv'...
Compiling '/home/yash_ubuntu/my_ws/src/install/custom_interface/lib/python3.12/site-packages/custom_interface/srv/__init__.py'...
Compiling '/home/yash_ubuntu/my_ws/src/install/custom_interface/lib/python3.12/site-packages/custom_interface/srv/_add_two_ints.py'...
-- Installing: /home/yash_ubuntu/my_ws/src/install/custom_interface/lib/libcustom_interface__rosidl_generator_py.so
-- Set non-toolchain portion of runtime path of "/home/yash_ubuntu/my_ws/src/install/custom_interface/lib/libcustom_interface__rosidl_generator_py.so" to ""
-- Installing: /home/yash_ubuntu/my_ws/src/install/custom_interface/share/custom_interface/cmake/export_custom_interface__rosidl_generator_cExport.cmake
-- Installing: /home/yash_ubuntu/my_ws/src/install/custom_interface/share/custom_interface/cmake/export_custom_interface__rosidl_generator_cExport-noconfig.cmake
-- Installing: /home/yash_ubuntu/my_ws/src/install/custom_interface/share/custom_interface/cmake/export_custom_interface__rosidl_typesupport_fastrtps_cExport.cmake
-- Installing: /home/yash_ubuntu/my_ws/src/install/custom_interface/share/custom_interface/cmake/export_custom_interface__rosidl_typesupport_fastrtps_cExport-noconfig.cmake
-- Installing: /home/yash_ubuntu/my_ws/src/install/custom_interface/share/custom_interface/cmake/custom_interface__rosidl_typesupport_introspection_cExport.cmake
-- Installing: /home/yash_ubuntu/my_ws/src/install/custom_interface/share/custom_interface/cmake/custom_interface__rosidl_typesupport_introspection_cExport-noconfig.cmake
-- Installing: /home/yash_ubuntu/my_ws/src/install/custom_interface/share/custom_interface/cmake/custom_interface__rosidl_typesupport_cExport.cmake
-- Installing: /home/yash_ubuntu/my_ws/src/install/custom_interface/share/custom_interface/cmake/custom_interface__rosidl_typesupport_cExport-noconfig.cmake
-- Installing: /home/yash_ubuntu/my_ws/src/install/custom_interface/share/custom_interface/cmake/export_custom_interface__rosidl_generator_cppExport.cmake
-- Installing: /home/yash_ubuntu/my_ws/src/install/custom_interface/share/custom_interface/cmake/export_custom_interface__rosidl_typesupport_fastrtps_cppExport.cmake
-- Installing: /home/yash_ubuntu/my_ws/src/install/custom_interface/share/custom_interface/cmake/export_custom_interface__rosidl_typesupport_fastrtps_cppExport-noconfig.cmake
-- Installing: /home/yash_ubuntu/my_ws/src/install/custom_interface/share/custom_interface/cmake/custom_interface__rosidl_typesupport_introspection_cppExport.cmake
-- Installing: /home/yash_ubuntu/my_ws/src/install/custom_interface/share/custom_interface/cmake/custom_interface__rosidl_typesupport_introspection_cppExport-noconfig.cmake
-- Installing: /home/yash_ubuntu/my_ws/src/install/custom_interface/share/custom_interface/cmake/custom_interface__rosidl_typesupport_cppExport.cmake
-- Installing: /home/yash_ubuntu/my_ws/src/install/custom_interface/share/custom_interface/cmake/custom_interface__rosidl_typesupport_cppExport-noconfig.cmake
-- Installing: /home/yash_ubuntu/my_ws/src/install/custom_interface/share/custom_interface/cmake/export_custom_interface__rosidl_generator_pyExport.cmake
-- Installing: /home/yash_ubuntu/my_ws/src/install/custom_interface/share/custom_interface/cmake/export_custom_interface__rosidl_generator_pyExport-noconfig.cmake
