[0.342s] Invoking command in '/home/yash_ubuntu/my_ws/src/build/custom_interface': CMAKE_PREFIX_PATH=${CMAKE_PREFIX_PATH}:/home/yash_ubuntu/my_ws/install/talker_listener:/opt/ros/kilted DEBUGINFOD_URLS=https://debuginfod.ubuntu.com /usr/bin/cmake /home/yash_ubuntu/my_ws/src/custom_interface -DAMENT_CMAKE_SYMLINK_INSTALL=1 -DCMAKE_INSTALL_PREFIX=/home/yash_ubuntu/my_ws/src/install/custom_interface
[0.446s] -- The C compiler identification is GNU 13.3.0
[0.537s] -- The CXX compiler identification is GNU 13.3.0
[0.567s] -- Detecting C compiler ABI info
[0.727s] -- Detecting C compiler ABI info - done
[0.743s] -- Check for working C compiler: /usr/bin/cc - skipped
[0.744s] -- Detecting C compile features
[0.744s] -- Detecting C compile features - done
[0.763s] -- Detecting CXX compiler ABI info
[0.944s] -- Detecting CXX compiler ABI info - done
[0.958s] -- Check for working CXX compiler: /usr/bin/c++ - skipped
[0.958s] -- Detecting CXX compile features
[0.959s] -- Detecting CXX compile features - done
[0.962s] -- Found ament_cmake: 2.7.3 (/opt/ros/kilted/share/ament_cmake/cmake)
[1.201s] -- Found Python3: /usr/bin/python3 (found version "3.12.3") found components: Interpreter 
[1.307s] -- Override CMake install command with custom implementation using symlinks instead of copying resources
[1.351s] -- Found rosidl_default_generators: 1.7.1 (/opt/ros/kilted/share/rosidl_default_generators/cmake)
[1.365s] -- Using all available rosidl_typesupport_c: rosidl_typesupport_fastrtps_c;rosidl_typesupport_introspection_c
[1.446s] -- Using all available rosidl_typesupport_cpp: rosidl_typesupport_fastrtps_cpp;rosidl_typesupport_introspection_cpp
[1.501s] -- Found rosidl_adapter: 4.9.4 (/opt/ros/kilted/share/rosidl_adapter/cmake)
[2.593s] -- Found ament_cmake_ros_core: 0.14.3 (/opt/ros/kilted/share/ament_cmake_ros_core/cmake)
[3.239s] -- Using all available rosidl_typesupport_c: rosidl_typesupport_fastrtps_c;rosidl_typesupport_introspection_c
[4.150s] -- Using all available rosidl_typesupport_cpp: rosidl_typesupport_fastrtps_cpp;rosidl_typesupport_introspection_cpp
[4.708s] -- Found Python3: /usr/bin/python3 (found version "3.12.3") found components: Interpreter Development NumPy Development.Module Development.Embed 
[4.754s] -- Found ament_lint_auto: 0.19.2 (/opt/ros/kilted/share/ament_lint_auto/cmake)
[4.782s] -- Added test 'lint_cmake' to check CMake code style
[4.783s] -- Added test 'xmllint' to check XML markup files
[4.789s] -- Configuring done (4.4s)
[4.827s] -- Generating done (0.0s)
[4.840s] -- Build files have been written to: /home/yash_ubuntu/my_ws/src/build/custom_interface
[4.847s] Invoked command in '/home/yash_ubuntu/my_ws/src/build/custom_interface' returned '0': CMAKE_PREFIX_PATH=${CMAKE_PREFIX_PATH}:/home/yash_ubuntu/my_ws/install/talker_listener:/opt/ros/kilted DEBUGINFOD_URLS=https://debuginfod.ubuntu.com /usr/bin/cmake /home/yash_ubuntu/my_ws/src/custom_interface -DAMENT_CMAKE_SYMLINK_INSTALL=1 -DCMAKE_INSTALL_PREFIX=/home/yash_ubuntu/my_ws/src/install/custom_interface
[4.848s] Invoking command in '/home/yash_ubuntu/my_ws/src/build/custom_interface': CMAKE_PREFIX_PATH=${CMAKE_PREFIX_PATH}:/home/yash_ubuntu/my_ws/install/talker_listener:/opt/ros/kilted DEBUGINFOD_URLS=https://debuginfod.ubuntu.com /usr/bin/cmake --build /home/yash_ubuntu/my_ws/src/build/custom_interface -- -j16 -l16
[4.917s] [  2%] [34m[1mGenerating type hashes for ROS interfaces[0m
[4.933s] [  2%] Built target ament_cmake_python_symlink_custom_interface
[5.154s] [  2%] Built target custom_interface__rosidl_generator_type_description
[5.168s] [  5%] [34m[1mGenerating C code for ROS interfaces[0m
[5.183s] running egg_info
[5.184s] creating custom_interface.egg-info
[5.184s] [  8%] [34m[1mGenerating C++ code for ROS interfaces[0m
[5.204s] writing custom_interface.egg-info/PKG-INFO
[5.205s] writing dependency_links to custom_interface.egg-info/dependency_links.txt
[5.205s] writing top-level names to custom_interface.egg-info/top_level.txt
[5.205s] writing manifest file 'custom_interface.egg-info/SOURCES.txt'
[5.265s] reading manifest file 'custom_interface.egg-info/SOURCES.txt'
[5.266s] writing manifest file 'custom_interface.egg-info/SOURCES.txt'
[5.303s] [  8%] Built target ament_cmake_python_build_custom_interface_egg
[5.510s] [ 11%] [32mBuilding C object CMakeFiles/custom_interface__rosidl_generator_c.dir/rosidl_generator_c/custom_interface/srv/detail/add_two_ints__description.c.o[0m
[5.511s] [ 14%] [32mBuilding C object CMakeFiles/custom_interface__rosidl_generator_c.dir/rosidl_generator_c/custom_interface/srv/detail/add_two_ints__type_support.c.o[0m
[5.516s] [ 17%] [32mBuilding C object CMakeFiles/custom_interface__rosidl_generator_c.dir/rosidl_generator_c/custom_interface/srv/detail/add_two_ints__functions.c.o[0m
[5.529s] [ 17%] Built target custom_interface__cpp
[5.604s] [ 20%] [32m[1mLinking C shared library libcustom_interface__rosidl_generator_c.so[0m
[5.659s] [ 20%] Built target custom_interface__rosidl_generator_c
[5.674s] [ 23%] [34m[1mGenerating C type support dispatch for ROS interfaces[0m
[5.674s] [ 26%] [34m[1mGenerating C type support for eProsima Fast-RTPS[0m
[5.675s] [ 29%] [34m[1mGenerating C++ introspection for ROS interfaces[0m
[5.676s] [ 32%] [34m[1mGenerating C++ type support dispatch for ROS interfaces[0m
[5.677s] [ 35%] [34m[1mGenerating C introspection for ROS interfaces[0m
[5.678s] [ 38%] [34m[1mGenerating C++ type support for eProsima Fast-RTPS[0m
[5.965s] [ 41%] [32mBuilding CXX object CMakeFiles/custom_interface__rosidl_typesupport_c.dir/rosidl_typesupport_c/custom_interface/srv/add_two_ints__type_support.cpp.o[0m
[5.969s] [ 44%] [32mBuilding CXX object CMakeFiles/custom_interface__rosidl_typesupport_cpp.dir/rosidl_typesupport_cpp/custom_interface/srv/add_two_ints__type_support.cpp.o[0m
[6.024s] [ 47%] [32m[1mLinking CXX shared library libcustom_interface__rosidl_typesupport_c.so[0m
[6.039s] [ 50%] [32mBuilding CXX object CMakeFiles/custom_interface__rosidl_typesupport_fastrtps_cpp.dir/rosidl_typesupport_fastrtps_cpp/custom_interface/srv/detail/dds_fastrtps/add_two_ints__type_support.cpp.o[0m
[6.077s] [ 52%] [32mBuilding CXX object CMakeFiles/custom_interface__rosidl_typesupport_fastrtps_c.dir/rosidl_typesupport_fastrtps_c/custom_interface/srv/detail/add_two_ints__type_support_c.cpp.o[0m
[6.081s] [ 55%] [32mBuilding CXX object CMakeFiles/custom_interface__rosidl_typesupport_introspection_cpp.dir/rosidl_typesupport_introspection_cpp/custom_interface/srv/detail/add_two_ints__type_support.cpp.o[0m
[6.082s] [ 55%] Built target custom_interface__rosidl_typesupport_c
[6.218s] [ 58%] [32mBuilding C object CMakeFiles/custom_interface__rosidl_typesupport_introspection_c.dir/rosidl_typesupport_introspection_c/custom_interface/srv/detail/add_two_ints__type_support.c.o[0m
[6.306s] [ 61%] [32m[1mLinking C shared library libcustom_interface__rosidl_typesupport_introspection_c.so[0m
[6.364s] [ 61%] Built target custom_interface__rosidl_typesupport_introspection_c
[6.397s] [ 64%] [32m[1mLinking CXX shared library libcustom_interface__rosidl_typesupport_cpp.so[0m
[6.494s] [ 64%] Built target custom_interface__rosidl_typesupport_cpp
[6.508s] [ 67%] [32m[1mLinking CXX shared library libcustom_interface__rosidl_typesupport_introspection_cpp.so[0m
[6.581s] [ 70%] [32m[1mLinking CXX shared library libcustom_interface__rosidl_typesupport_fastrtps_c.so[0m
[6.598s] [ 70%] Built target custom_interface__rosidl_typesupport_introspection_cpp
[6.639s] [ 70%] Built target custom_interface__rosidl_typesupport_fastrtps_c
[6.701s] [ 73%] [32m[1mLinking CXX shared library libcustom_interface__rosidl_typesupport_fastrtps_cpp.so[0m
[6.796s] [ 73%] Built target custom_interface__rosidl_typesupport_fastrtps_cpp
[6.826s] [ 73%] Built target custom_interface
[6.856s] [ 76%] [34m[1mGenerating Python code for ROS interfaces[0m
[7.247s] [ 76%] Built target custom_interface__py
[7.275s] [ 79%] [32mBuilding C object CMakeFiles/custom_interface__rosidl_generator_py.dir/rosidl_generator_py/custom_interface/srv/_add_two_ints_s.c.o[0m
[7.437s] [ 82%] [32m[1mLinking C shared library libcustom_interface__rosidl_generator_py.so[0m
[7.496s] [ 82%] Built target custom_interface__rosidl_generator_py
[7.531s] [ 91%] [32mBuilding C object CMakeFiles/custom_interface_s__rosidl_typesupport_introspection_c.dir/rosidl_generator_py/custom_interface/_custom_interface_s.ep.rosidl_typesupport_introspection_c.c.o[0m
[7.531s] [ 91%] [32mBuilding C object CMakeFiles/custom_interface_s__rosidl_typesupport_fastrtps_c.dir/rosidl_generator_py/custom_interface/_custom_interface_s.ep.rosidl_typesupport_fastrtps_c.c.o[0m
[7.532s] [ 91%] [32mBuilding C object CMakeFiles/custom_interface_s__rosidl_typesupport_c.dir/rosidl_generator_py/custom_interface/_custom_interface_s.ep.rosidl_typesupport_c.c.o[0m
[7.668s] [ 94%] [32m[1mLinking C shared module rosidl_generator_py/custom_interface/custom_interface_s__rosidl_typesupport_fastrtps_c.so[0m
[7.668s] [ 97%] [32m[1mLinking C shared module rosidl_generator_py/custom_interface/custom_interface_s__rosidl_typesupport_introspection_c.so[0m
[7.669s] [100%] [32m[1mLinking C shared module rosidl_generator_py/custom_interface/custom_interface_s__rosidl_typesupport_c.so[0m
[7.720s] [100%] Built target custom_interface_s__rosidl_typesupport_c
[7.720s] [100%] Built target custom_interface_s__rosidl_typesupport_introspection_c
[7.720s] [100%] Built target custom_interface_s__rosidl_typesupport_fastrtps_c
[7.738s] Invoked command in '/home/yash_ubuntu/my_ws/src/build/custom_interface' returned '0': CMAKE_PREFIX_PATH=${CMAKE_PREFIX_PATH}:/home/yash_ubuntu/my_ws/install/talker_listener:/opt/ros/kilted DEBUGINFOD_URLS=https://debuginfod.ubuntu.com /usr/bin/cmake --build /home/yash_ubuntu/my_ws/src/build/custom_interface -- -j16 -l16
[7.740s] Invoking command in '/home/yash_ubuntu/my_ws/src/build/custom_interface': CMAKE_PREFIX_PATH=${CMAKE_PREFIX_PATH}:/home/yash_ubuntu/my_ws/install/talker_listener:/opt/ros/kilted DEBUGINFOD_URLS=https://debuginfod.ubuntu.com /usr/bin/cmake --install /home/yash_ubuntu/my_ws/src/build/custom_interface
[7.752s] -- Install configuration: ""
[7.752s] -- Execute custom install script
[7.753s] -- Symlinking: /home/yash_ubuntu/my_ws/src/install/custom_interface/share/ament_index/resource_index/rosidl_interfaces/custom_interface
[7.765s] -- Symlinking: /home/yash_ubuntu/my_ws/src/install/custom_interface/share/custom_interface/srv/AddTwoInts.json
[7.776s] -- Symlinking: /home/yash_ubuntu/my_ws/src/install/custom_interface/include/custom_interface/custom_interface/msg/rosidl_generator_c__visibility_control.h
[7.788s] -- Symlinking: /home/yash_ubuntu/my_ws/src/install/custom_interface/include/custom_interface/custom_interface/srv/add_two_ints.h
[7.798s] -- Symlinking: /home/yash_ubuntu/my_ws/src/install/custom_interface/include/custom_interface/custom_interface/srv/detail/add_two_ints__functions.h
[7.809s] -- Symlinking: /home/yash_ubuntu/my_ws/src/install/custom_interface/include/custom_interface/custom_interface/srv/detail/add_two_ints__struct.h
[7.821s] -- Symlinking: /home/yash_ubuntu/my_ws/src/install/custom_interface/include/custom_interface/custom_interface/srv/detail/add_two_ints__type_support.h
[7.835s] -- Symlinking: /home/yash_ubuntu/my_ws/src/install/custom_interface/share/custom_interface/environment/library_path.sh
[7.847s] -- Symlinking: /home/yash_ubuntu/my_ws/src/install/custom_interface/share/custom_interface/environment/library_path.dsv
[7.859s] -- Symlinking: /home/yash_ubuntu/my_ws/src/install/custom_interface/include/custom_interface/custom_interface/msg/rosidl_typesupport_fastrtps_c__visibility_control.h
[7.869s] -- Symlinking: /home/yash_ubuntu/my_ws/src/install/custom_interface/include/custom_interface/custom_interface/srv/detail/add_two_ints__rosidl_typesupport_fastrtps_c.h
[7.880s] -- Symlinking: /home/yash_ubuntu/my_ws/src/install/custom_interface/include/custom_interface/custom_interface/msg/rosidl_typesupport_introspection_c__visibility_control.h
[7.891s] -- Symlinking: /home/yash_ubuntu/my_ws/src/install/custom_interface/include/custom_interface/custom_interface/srv/detail/add_two_ints__rosidl_typesupport_introspection_c.h
[7.902s] -- Symlinking: /home/yash_ubuntu/my_ws/src/install/custom_interface/include/custom_interface/custom_interface/msg/rosidl_generator_cpp__visibility_control.hpp
[7.911s] -- Symlinking: /home/yash_ubuntu/my_ws/src/install/custom_interface/include/custom_interface/custom_interface/srv/add_two_ints.hpp
[7.925s] -- Symlinking: /home/yash_ubuntu/my_ws/src/install/custom_interface/include/custom_interface/custom_interface/srv/detail/add_two_ints__builder.hpp
[7.937s] -- Symlinking: /home/yash_ubuntu/my_ws/src/install/custom_interface/include/custom_interface/custom_interface/srv/detail/add_two_ints__struct.hpp
[7.949s] -- Symlinking: /home/yash_ubuntu/my_ws/src/install/custom_interface/include/custom_interface/custom_interface/srv/detail/add_two_ints__traits.hpp
[7.961s] -- Symlinking: /home/yash_ubuntu/my_ws/src/install/custom_interface/include/custom_interface/custom_interface/srv/detail/add_two_ints__type_support.hpp
[7.972s] -- Symlinking: /home/yash_ubuntu/my_ws/src/install/custom_interface/include/custom_interface/custom_interface/msg/rosidl_typesupport_fastrtps_cpp__visibility_control.h
[7.982s] -- Symlinking: /home/yash_ubuntu/my_ws/src/install/custom_interface/include/custom_interface/custom_interface/srv/detail/add_two_ints__rosidl_typesupport_fastrtps_cpp.hpp
[7.993s] -- Symlinking: /home/yash_ubuntu/my_ws/src/install/custom_interface/include/custom_interface/custom_interface/srv/detail/add_two_ints__rosidl_typesupport_introspection_cpp.hpp
[8.006s] -- Symlinking: /home/yash_ubuntu/my_ws/src/install/custom_interface/share/custom_interface/environment/pythonpath.sh
[8.019s] -- Symlinking: /home/yash_ubuntu/my_ws/src/install/custom_interface/share/custom_interface/environment/pythonpath.dsv
[8.034s] -- Symlinking: /home/yash_ubuntu/my_ws/src/install/custom_interface/lib/python3.12/site-packages/custom_interface-0.0.0-py3.12.egg-info/PKG-INFO
[8.044s] -- Symlinking: /home/yash_ubuntu/my_ws/src/install/custom_interface/lib/python3.12/site-packages/custom_interface-0.0.0-py3.12.egg-info/SOURCES.txt
[8.054s] -- Symlinking: /home/yash_ubuntu/my_ws/src/install/custom_interface/lib/python3.12/site-packages/custom_interface-0.0.0-py3.12.egg-info/dependency_links.txt
[8.066s] -- Symlinking: /home/yash_ubuntu/my_ws/src/install/custom_interface/lib/python3.12/site-packages/custom_interface-0.0.0-py3.12.egg-info/top_level.txt
[8.077s] -- Symlinking: /home/yash_ubuntu/my_ws/src/install/custom_interface/lib/python3.12/site-packages/custom_interface/__init__.py
[8.088s] -- Symlinking: /home/yash_ubuntu/my_ws/src/install/custom_interface/lib/python3.12/site-packages/custom_interface/_custom_interface_s.ep.rosidl_typesupport_c.c
[8.098s] -- Symlinking: /home/yash_ubuntu/my_ws/src/install/custom_interface/lib/python3.12/site-packages/custom_interface/_custom_interface_s.ep.rosidl_typesupport_fastrtps_c.c
[8.110s] -- Symlinking: /home/yash_ubuntu/my_ws/src/install/custom_interface/lib/python3.12/site-packages/custom_interface/_custom_interface_s.ep.rosidl_typesupport_introspection_c.c
[8.121s] -- Symlinking: /home/yash_ubuntu/my_ws/src/install/custom_interface/lib/python3.12/site-packages/custom_interface/custom_interface_s__rosidl_typesupport_c.so
[8.133s] -- Symlinking: /home/yash_ubuntu/my_ws/src/install/custom_interface/lib/python3.12/site-packages/custom_interface/custom_interface_s__rosidl_typesupport_fastrtps_c.so
[8.144s] -- Symlinking: /home/yash_ubuntu/my_ws/src/install/custom_interface/lib/python3.12/site-packages/custom_interface/custom_interface_s__rosidl_typesupport_introspection_c.so
[8.155s] -- Symlinking: /home/yash_ubuntu/my_ws/src/install/custom_interface/lib/python3.12/site-packages/custom_interface/srv/__init__.py
[8.166s] -- Symlinking: /home/yash_ubuntu/my_ws/src/install/custom_interface/lib/python3.12/site-packages/custom_interface/srv/_add_two_ints.py
[8.177s] -- Symlinking: /home/yash_ubuntu/my_ws/src/install/custom_interface/lib/python3.12/site-packages/custom_interface/srv/_add_two_ints_s.c
[8.188s] -- Up-to-date symlink: /home/yash_ubuntu/my_ws/src/install/custom_interface/lib/python3.12/site-packages/custom_interface/custom_interface_s__rosidl_typesupport_fastrtps_c.so
[8.188s] -- Up-to-date symlink: /home/yash_ubuntu/my_ws/src/install/custom_interface/lib/python3.12/site-packages/custom_interface/custom_interface_s__rosidl_typesupport_introspection_c.so
[8.189s] -- Up-to-date symlink: /home/yash_ubuntu/my_ws/src/install/custom_interface/lib/python3.12/site-packages/custom_interface/custom_interface_s__rosidl_typesupport_c.so
[8.189s] -- Symlinking: /home/yash_ubuntu/my_ws/src/install/custom_interface/share/custom_interface/srv/AddTwoInts.idl
[8.199s] -- Symlinking: /home/yash_ubuntu/my_ws/src/install/custom_interface/share/custom_interface/srv/AddTwoInts.srv
[8.212s] -- Symlinking: /home/yash_ubuntu/my_ws/src/install/custom_interface/share/ament_index/resource_index/package_run_dependencies/custom_interface
[8.224s] -- Symlinking: /home/yash_ubuntu/my_ws/src/install/custom_interface/share/ament_index/resource_index/parent_prefix_path/custom_interface
[8.236s] -- Symlinking: /home/yash_ubuntu/my_ws/src/install/custom_interface/share/custom_interface/environment/ament_prefix_path.sh
[8.248s] -- Symlinking: /home/yash_ubuntu/my_ws/src/install/custom_interface/share/custom_interface/environment/ament_prefix_path.dsv
[8.261s] -- Symlinking: /home/yash_ubuntu/my_ws/src/install/custom_interface/share/custom_interface/environment/path.sh
[8.274s] -- Symlinking: /home/yash_ubuntu/my_ws/src/install/custom_interface/share/custom_interface/environment/path.dsv
[8.284s] -- Symlinking: /home/yash_ubuntu/my_ws/src/install/custom_interface/share/custom_interface/local_setup.bash
[8.295s] -- Symlinking: /home/yash_ubuntu/my_ws/src/install/custom_interface/share/custom_interface/local_setup.sh
[8.306s] -- Symlinking: /home/yash_ubuntu/my_ws/src/install/custom_interface/share/custom_interface/local_setup.zsh
[8.317s] -- Symlinking: /home/yash_ubuntu/my_ws/src/install/custom_interface/share/custom_interface/local_setup.dsv
[8.330s] -- Symlinking: /home/yash_ubuntu/my_ws/src/install/custom_interface/share/custom_interface/package.dsv
[8.341s] -- Symlinking: /home/yash_ubuntu/my_ws/src/install/custom_interface/share/ament_index/resource_index/packages/custom_interface
[8.352s] -- Symlinking: /home/yash_ubuntu/my_ws/src/install/custom_interface/share/custom_interface/cmake/rosidl_cmake-extras.cmake
[8.364s] -- Symlinking: /home/yash_ubuntu/my_ws/src/install/custom_interface/share/custom_interface/cmake/ament_cmake_export_dependencies-extras.cmake
[8.375s] -- Symlinking: /home/yash_ubuntu/my_ws/src/install/custom_interface/share/custom_interface/cmake/ament_cmake_export_include_directories-extras.cmake
[8.386s] -- Symlinking: /home/yash_ubuntu/my_ws/src/install/custom_interface/share/custom_interface/cmake/ament_cmake_export_libraries-extras.cmake
[8.396s] -- Symlinking: /home/yash_ubuntu/my_ws/src/install/custom_interface/share/custom_interface/cmake/ament_cmake_export_targets-extras.cmake
[8.407s] -- Symlinking: /home/yash_ubuntu/my_ws/src/install/custom_interface/share/custom_interface/cmake/rosidl_cmake_export_typesupport_targets-extras.cmake
[8.420s] -- Symlinking: /home/yash_ubuntu/my_ws/src/install/custom_interface/share/custom_interface/cmake/rosidl_cmake_export_typesupport_libraries-extras.cmake
[8.431s] -- Symlinking: /home/yash_ubuntu/my_ws/src/install/custom_interface/share/custom_interface/cmake/custom_interfaceConfig.cmake
[8.443s] -- Symlinking: /home/yash_ubuntu/my_ws/src/install/custom_interface/share/custom_interface/cmake/custom_interfaceConfig-version.cmake
[8.455s] -- Symlinking: /home/yash_ubuntu/my_ws/src/install/custom_interface/share/custom_interface/package.xml
[8.465s] -- Installing: /home/yash_ubuntu/my_ws/src/install/custom_interface/lib/libcustom_interface__rosidl_generator_c.so
[8.465s] -- Set non-toolchain portion of runtime path of "/home/yash_ubuntu/my_ws/src/install/custom_interface/lib/libcustom_interface__rosidl_generator_c.so" to ""
[8.465s] -- Installing: /home/yash_ubuntu/my_ws/src/install/custom_interface/lib/libcustom_interface__rosidl_typesupport_fastrtps_c.so
[8.465s] -- Set non-toolchain portion of runtime path of "/home/yash_ubuntu/my_ws/src/install/custom_interface/lib/libcustom_interface__rosidl_typesupport_fastrtps_c.so" to ""
[8.465s] -- Installing: /home/yash_ubuntu/my_ws/src/install/custom_interface/lib/libcustom_interface__rosidl_typesupport_introspection_c.so
[8.466s] -- Set non-toolchain portion of runtime path of "/home/yash_ubuntu/my_ws/src/install/custom_interface/lib/libcustom_interface__rosidl_typesupport_introspection_c.so" to ""
[8.466s] -- Installing: /home/yash_ubuntu/my_ws/src/install/custom_interface/lib/libcustom_interface__rosidl_typesupport_c.so
[8.466s] -- Set non-toolchain portion of runtime path of "/home/yash_ubuntu/my_ws/src/install/custom_interface/lib/libcustom_interface__rosidl_typesupport_c.so" to ""
[8.466s] -- Installing: /home/yash_ubuntu/my_ws/src/install/custom_interface/lib/libcustom_interface__rosidl_typesupport_fastrtps_cpp.so
[8.466s] -- Set non-toolchain portion of runtime path of "/home/yash_ubuntu/my_ws/src/install/custom_interface/lib/libcustom_interface__rosidl_typesupport_fastrtps_cpp.so" to ""
[8.466s] -- Installing: /home/yash_ubuntu/my_ws/src/install/custom_interface/lib/libcustom_interface__rosidl_typesupport_introspection_cpp.so
[8.467s] -- Set non-toolchain portion of runtime path of "/home/yash_ubuntu/my_ws/src/install/custom_interface/lib/libcustom_interface__rosidl_typesupport_introspection_cpp.so" to ""
[8.467s] -- Installing: /home/yash_ubuntu/my_ws/src/install/custom_interface/lib/libcustom_interface__rosidl_typesupport_cpp.so
[8.467s] -- Set non-toolchain portion of runtime path of "/home/yash_ubuntu/my_ws/src/install/custom_interface/lib/libcustom_interface__rosidl_typesupport_cpp.so" to ""
[8.521s] Listing '/home/yash_ubuntu/my_ws/src/install/custom_interface/lib/python3.12/site-packages/custom_interface'...
[8.521s] Compiling '/home/yash_ubuntu/my_ws/src/install/custom_interface/lib/python3.12/site-packages/custom_interface/__init__.py'...
[8.521s] Listing '/home/yash_ubuntu/my_ws/src/install/custom_interface/lib/python3.12/site-packages/custom_interface/srv'...
[8.521s] Compiling '/home/yash_ubuntu/my_ws/src/install/custom_interface/lib/python3.12/site-packages/custom_interface/srv/__init__.py'...
[8.521s] Compiling '/home/yash_ubuntu/my_ws/src/install/custom_interface/lib/python3.12/site-packages/custom_interface/srv/_add_two_ints.py'...
[8.528s] -- Installing: /home/yash_ubuntu/my_ws/src/install/custom_interface/lib/libcustom_interface__rosidl_generator_py.so
[8.528s] -- Set non-toolchain portion of runtime path of "/home/yash_ubuntu/my_ws/src/install/custom_interface/lib/libcustom_interface__rosidl_generator_py.so" to ""
[8.528s] -- Installing: /home/yash_ubuntu/my_ws/src/install/custom_interface/share/custom_interface/cmake/export_custom_interface__rosidl_generator_cExport.cmake
[8.528s] -- Installing: /home/yash_ubuntu/my_ws/src/install/custom_interface/share/custom_interface/cmake/export_custom_interface__rosidl_generator_cExport-noconfig.cmake
[8.529s] -- Installing: /home/yash_ubuntu/my_ws/src/install/custom_interface/share/custom_interface/cmake/export_custom_interface__rosidl_typesupport_fastrtps_cExport.cmake
[8.529s] -- Installing: /home/yash_ubuntu/my_ws/src/install/custom_interface/share/custom_interface/cmake/export_custom_interface__rosidl_typesupport_fastrtps_cExport-noconfig.cmake
[8.529s] -- Installing: /home/yash_ubuntu/my_ws/src/install/custom_interface/share/custom_interface/cmake/custom_interface__rosidl_typesupport_introspection_cExport.cmake
[8.529s] -- Installing: /home/yash_ubuntu/my_ws/src/install/custom_interface/share/custom_interface/cmake/custom_interface__rosidl_typesupport_introspection_cExport-noconfig.cmake
[8.529s] -- Installing: /home/yash_ubuntu/my_ws/src/install/custom_interface/share/custom_interface/cmake/custom_interface__rosidl_typesupport_cExport.cmake
[8.529s] -- Installing: /home/yash_ubuntu/my_ws/src/install/custom_interface/share/custom_interface/cmake/custom_interface__rosidl_typesupport_cExport-noconfig.cmake
[8.529s] -- Installing: /home/yash_ubuntu/my_ws/src/install/custom_interface/share/custom_interface/cmake/export_custom_interface__rosidl_generator_cppExport.cmake
[8.529s] -- Installing: /home/yash_ubuntu/my_ws/src/install/custom_interface/share/custom_interface/cmake/export_custom_interface__rosidl_typesupport_fastrtps_cppExport.cmake
[8.529s] -- Installing: /home/yash_ubuntu/my_ws/src/install/custom_interface/share/custom_interface/cmake/export_custom_interface__rosidl_typesupport_fastrtps_cppExport-noconfig.cmake
[8.529s] -- Installing: /home/yash_ubuntu/my_ws/src/install/custom_interface/share/custom_interface/cmake/custom_interface__rosidl_typesupport_introspection_cppExport.cmake
[8.529s] -- Installing: /home/yash_ubuntu/my_ws/src/install/custom_interface/share/custom_interface/cmake/custom_interface__rosidl_typesupport_introspection_cppExport-noconfig.cmake
[8.530s] -- Installing: /home/yash_ubuntu/my_ws/src/install/custom_interface/share/custom_interface/cmake/custom_interface__rosidl_typesupport_cppExport.cmake
[8.530s] -- Installing: /home/yash_ubuntu/my_ws/src/install/custom_interface/share/custom_interface/cmake/custom_interface__rosidl_typesupport_cppExport-noconfig.cmake
[8.530s] -- Installing: /home/yash_ubuntu/my_ws/src/install/custom_interface/share/custom_interface/cmake/export_custom_interface__rosidl_generator_pyExport.cmake
[8.530s] -- Installing: /home/yash_ubuntu/my_ws/src/install/custom_interface/share/custom_interface/cmake/export_custom_interface__rosidl_generator_pyExport-noconfig.cmake
[8.533s] Invoked command in '/home/yash_ubuntu/my_ws/src/build/custom_interface' returned '0': CMAKE_PREFIX_PATH=${CMAKE_PREFIX_PATH}:/home/yash_ubuntu/my_ws/install/talker_listener:/opt/ros/kilted DEBUGINFOD_URLS=https://debuginfod.ubuntu.com /usr/bin/cmake --install /home/yash_ubuntu/my_ws/src/build/custom_interface
