[0.944s] Invoking command in '/home/yash_ubuntu/my_ws/src/build/talker_listener': DEBUGINFOD_URLS=https://debuginfod.ubuntu.com PYTHONPATH=/home/yash_ubuntu/my_ws/src/build/talker_listener/prefix_override:/usr/lib/python3/dist-packages/colcon_core/task/python/colcon_distutils_commands:/home/yash_ubuntu/my_ws/src/install/talker_listener/lib/python3.12/site-packages:${PYTHONPATH} /usr/bin/python3 -W ignore:setup.py install is deprecated -W ignore:easy_install command is deprecated setup.py develop --editable --build-directory /home/yash_ubuntu/my_ws/src/build/talker_listener/build --no-deps symlink_data
[1.312s] running develop
[1.513s] running egg_info
[1.513s] creating talker_listener.egg-info
[1.533s] writing talker_listener.egg-info/PKG-INFO
[1.533s] writing dependency_links to talker_listener.egg-info/dependency_links.txt
[1.533s] writing entry points to talker_listener.egg-info/entry_points.txt
[1.533s] writing requirements to talker_listener.egg-info/requires.txt
[1.533s] writing top-level names to talker_listener.egg-info/top_level.txt
[1.533s] writing manifest file 'talker_listener.egg-info/SOURCES.txt'
[1.571s] reading manifest file 'talker_listener.egg-info/SOURCES.txt'
[1.572s] writing manifest file 'talker_listener.egg-info/SOURCES.txt'
[1.591s] running build_ext
[1.591s] Creating /home/yash_ubuntu/my_ws/src/install/talker_listener/lib/python3.12/site-packages/talker-listener.egg-link (link to .)
[1.591s] Installing listenerNode script to /home/yash_ubuntu/my_ws/src/install/talker_listener/lib/talker_listener
[1.592s] Installing talkerNode script to /home/yash_ubuntu/my_ws/src/install/talker_listener/lib/talker_listener
[1.592s] 
[1.592s] Installed /home/yash_ubuntu/my_ws/src/build/talker_listener
[1.592s] running symlink_data
[1.592s] creating /home/yash_ubuntu/my_ws/src/install/talker_listener/share/ament_index
[1.592s] creating /home/yash_ubuntu/my_ws/src/install/talker_listener/share/ament_index/resource_index
[1.592s] creating /home/yash_ubuntu/my_ws/src/install/talker_listener/share/ament_index/resource_index/packages
[1.593s] symbolically linking /home/yash_ubuntu/my_ws/src/build/talker_listener/resource/talker_listener -> /home/yash_ubuntu/my_ws/src/install/talker_listener/share/ament_index/resource_index/packages
[1.593s] symbolically linking /home/yash_ubuntu/my_ws/src/build/talker_listener/package.xml -> /home/yash_ubuntu/my_ws/src/install/talker_listener/share/talker_listener
[1.637s] Invoked command in '/home/yash_ubuntu/my_ws/src/build/talker_listener' returned '0': DEBUGINFOD_URLS=https://debuginfod.ubuntu.com PYTHONPATH=/home/yash_ubuntu/my_ws/src/build/talker_listener/prefix_override:/usr/lib/python3/dist-packages/colcon_core/task/python/colcon_distutils_commands:/home/yash_ubuntu/my_ws/src/install/talker_listener/lib/python3.12/site-packages:${PYTHONPATH} /usr/bin/python3 -W ignore:setup.py install is deprecated -W ignore:easy_install command is deprecated setup.py develop --editable --build-directory /home/yash_ubuntu/my_ws/src/build/talker_listener/build --no-deps symlink_data
