[0.341s] Invoking command in '/home/yash_ubuntu/my_ws/src/build/my_package': CMAKE_PREFIX_PATH=${CMAKE_PREFIX_PATH}:/home/yash_ubuntu/my_ws/install/talker_listener:/opt/ros/kilted DEBUGINFOD_URLS=https://debuginfod.ubuntu.com /usr/bin/cmake --build /home/yash_ubuntu/my_ws/src/build/my_package -- -j16 -l16
[0.639s] Invoked command in '/home/yash_ubuntu/my_ws/src/build/my_package' returned '0': CMAKE_PREFIX_PATH=${CMAKE_PREFIX_PATH}:/home/yash_ubuntu/my_ws/install/talker_listener:/opt/ros/kilted DEBUGINFOD_URLS=https://debuginfod.ubuntu.com /usr/bin/cmake --build /home/yash_ubuntu/my_ws/src/build/my_package -- -j16 -l16
[0.658s] Invoking command in '/home/yash_ubuntu/my_ws/src/build/my_package': CMAKE_PREFIX_PATH=${CMAKE_PREFIX_PATH}:/home/yash_ubuntu/my_ws/install/talker_listener:/opt/ros/kilted DEBUGINFOD_URLS=https://debuginfod.ubuntu.com /usr/bin/cmake --install /home/yash_ubuntu/my_ws/src/build/my_package
[0.679s] -- Install configuration: ""
[0.680s] -- Execute custom install script
[0.680s] -- Up-to-date symlink: /home/yash_ubuntu/my_ws/src/install/my_package/share/my_package/launch/listener.launch.py
[0.680s] -- Up-to-date symlink: /home/yash_ubuntu/my_ws/src/install/my_package/share/my_package/launch/talker.launch.py
[0.681s] -- Up-to-date symlink: /home/yash_ubuntu/my_ws/src/install/my_package/share/ament_index/resource_index/package_run_dependencies/my_package
[0.681s] -- Up-to-date symlink: /home/yash_ubuntu/my_ws/src/install/my_package/share/ament_index/resource_index/parent_prefix_path/my_package
[0.682s] -- Up-to-date symlink: /home/yash_ubuntu/my_ws/src/install/my_package/share/my_package/environment/ament_prefix_path.sh
[0.682s] -- Up-to-date symlink: /home/yash_ubuntu/my_ws/src/install/my_package/share/my_package/environment/ament_prefix_path.dsv
[0.682s] -- Up-to-date symlink: /home/yash_ubuntu/my_ws/src/install/my_package/share/my_package/environment/path.sh
[0.683s] -- Up-to-date symlink: /home/yash_ubuntu/my_ws/src/install/my_package/share/my_package/environment/path.dsv
[0.684s] -- Up-to-date symlink: /home/yash_ubuntu/my_ws/src/install/my_package/share/my_package/local_setup.bash
[0.684s] -- Up-to-date symlink: /home/yash_ubuntu/my_ws/src/install/my_package/share/my_package/local_setup.sh
[0.684s] -- Up-to-date symlink: /home/yash_ubuntu/my_ws/src/install/my_package/share/my_package/local_setup.zsh
[0.685s] -- Up-to-date symlink: /home/yash_ubuntu/my_ws/src/install/my_package/share/my_package/local_setup.dsv
[0.685s] -- Symlinking: /home/yash_ubuntu/my_ws/src/install/my_package/share/my_package/package.dsv
[0.705s] -- Up-to-date symlink: /home/yash_ubuntu/my_ws/src/install/my_package/share/ament_index/resource_index/packages/my_package
[0.706s] -- Up-to-date symlink: /home/yash_ubuntu/my_ws/src/install/my_package/share/my_package/cmake/my_packageConfig.cmake
[0.706s] -- Up-to-date symlink: /home/yash_ubuntu/my_ws/src/install/my_package/share/my_package/cmake/my_packageConfig-version.cmake
[0.706s] -- Up-to-date symlink: /home/yash_ubuntu/my_ws/src/install/my_package/share/my_package/package.xml
[0.712s] Invoked command in '/home/yash_ubuntu/my_ws/src/build/my_package' returned '0': CMAKE_PREFIX_PATH=${CMAKE_PREFIX_PATH}:/home/yash_ubuntu/my_ws/install/talker_listener:/opt/ros/kilted DEBUGINFOD_URLS=https://debuginfod.ubuntu.com /usr/bin/cmake --install /home/yash_ubuntu/my_ws/src/build/my_package
