[0.124s] DEBUG:colcon:Command line arguments: ['/usr/bin/colcon', 'build', '--symlink-install']
[0.124s] DEBUG:colcon:Parsed command line arguments: Namespace(log_base=None, log_level=None, verb_name='build', build_base='build', install_base='install', merge_install=False, symlink_install=True, test_result_base=None, continue_on_error=False, executor='parallel', parallel_workers=16, event_handlers=None, ignore_user_meta=False, metas=['./colcon.meta'], base_paths=['.'], packages_ignore=None, packages_ignore_regex=None, paths=None, packages_up_to=None, packages_up_to_regex=None, packages_above=None, packages_above_and_dependencies=None, packages_above_depth=None, packages_select_by_dep=None, packages_skip_by_dep=None, packages_skip_up_to=None, packages_select_build_failed=False, packages_skip_build_finished=False, packages_select_test_failures=False, packages_skip_test_passed=False, packages_select=None, packages_skip=None, packages_select_regex=None, packages_skip_regex=None, packages_start=None, packages_end=None, allow_overriding=[], cmake_args=None, cmake_target=None, cmake_target_skip_unavailable=False, cmake_clean_cache=False, cmake_clean_first=False, cmake_force_configure=False, ament_cmake_args=None, catkin_cmake_args=None, catkin_skip_building_tests=False, mixin_files=None, mixin=None, verb_parser=<colcon_mixin.mixin.mixin_argument.MixinArgumentDecorator object at 0x770f23ba03b0>, verb_extension=<colcon_core.verb.build.BuildVerb object at 0x770f23d33080>, main=<bound method BuildVerb.main of <colcon_core.verb.build.BuildVerb object at 0x770f23d33080>>, mixin_verb=('build',))
[0.171s] Level 1:colcon.colcon_core.package_discovery:discover_packages(colcon_meta) check parameters
[0.172s] Level 1:colcon.colcon_core.package_discovery:discover_packages(recursive) check parameters
[0.172s] Level 1:colcon.colcon_core.package_discovery:discover_packages(ignore) check parameters
[0.172s] Level 1:colcon.colcon_core.package_discovery:discover_packages(path) check parameters
[0.172s] Level 1:colcon.colcon_core.package_discovery:discover_packages(colcon_meta) discover
[0.172s] Level 1:colcon.colcon_core.package_discovery:discover_packages(recursive) discover
[0.172s] INFO:colcon.colcon_core.package_discovery:Crawling recursively for packages in '/home/yash_ubuntu/my_ws/src'
[0.172s] Level 1:colcon.colcon_core.package_identification:_identify(.) by extensions ['ignore', 'ignore_ament_install']
[0.172s] Level 1:colcon.colcon_core.package_identification:_identify(.) by extension 'ignore'
[0.172s] Level 1:colcon.colcon_core.package_identification:_identify(.) by extension 'ignore_ament_install'
[0.172s] Level 1:colcon.colcon_core.package_identification:_identify(.) by extensions ['colcon_pkg']
[0.172s] Level 1:colcon.colcon_core.package_identification:_identify(.) by extension 'colcon_pkg'
[0.172s] Level 1:colcon.colcon_core.package_identification:_identify(.) by extensions ['colcon_meta']
[0.172s] Level 1:colcon.colcon_core.package_identification:_identify(.) by extension 'colcon_meta'
[0.172s] Level 1:colcon.colcon_core.package_identification:_identify(.) by extensions ['ros']
[0.172s] Level 1:colcon.colcon_core.package_identification:_identify(.) by extension 'ros'
[0.202s] Level 1:colcon.colcon_core.package_identification:_identify(.) by extensions ['cmake', 'python']
[0.202s] Level 1:colcon.colcon_core.package_identification:_identify(.) by extension 'cmake'
[0.202s] Level 1:colcon.colcon_core.package_identification:_identify(.) by extension 'python'
[0.202s] Level 1:colcon.colcon_core.package_identification:_identify(.) by extensions ['python_setup_py']
[0.202s] Level 1:colcon.colcon_core.package_identification:_identify(.) by extension 'python_setup_py'
[0.202s] Level 1:colcon.colcon_core.package_identification:_identify(build) by extensions ['ignore', 'ignore_ament_install']
[0.202s] Level 1:colcon.colcon_core.package_identification:_identify(build) by extension 'ignore'
[0.202s] Level 1:colcon.colcon_core.package_identification:_identify(build) ignored
[0.202s] Level 1:colcon.colcon_core.package_identification:_identify(install) by extensions ['ignore', 'ignore_ament_install']
[0.202s] Level 1:colcon.colcon_core.package_identification:_identify(install) by extension 'ignore'
[0.202s] Level 1:colcon.colcon_core.package_identification:_identify(install) ignored
[0.202s] Level 1:colcon.colcon_core.package_identification:_identify(log) by extensions ['ignore', 'ignore_ament_install']
[0.203s] Level 1:colcon.colcon_core.package_identification:_identify(log) by extension 'ignore'
[0.203s] Level 1:colcon.colcon_core.package_identification:_identify(log) ignored
[0.203s] Level 1:colcon.colcon_core.package_identification:_identify(my_package) by extensions ['ignore', 'ignore_ament_install']
[0.203s] Level 1:colcon.colcon_core.package_identification:_identify(my_package) by extension 'ignore'
[0.203s] Level 1:colcon.colcon_core.package_identification:_identify(my_package) by extension 'ignore_ament_install'
[0.203s] Level 1:colcon.colcon_core.package_identification:_identify(my_package) by extensions ['colcon_pkg']
[0.203s] Level 1:colcon.colcon_core.package_identification:_identify(my_package) by extension 'colcon_pkg'
[0.203s] Level 1:colcon.colcon_core.package_identification:_identify(my_package) by extensions ['colcon_meta']
[0.203s] Level 1:colcon.colcon_core.package_identification:_identify(my_package) by extension 'colcon_meta'
[0.203s] Level 1:colcon.colcon_core.package_identification:_identify(my_package) by extensions ['ros']
[0.203s] Level 1:colcon.colcon_core.package_identification:_identify(my_package) by extension 'ros'
[0.205s] DEBUG:colcon.colcon_core.package_identification:Package 'my_package' with type 'ros.ament_cmake' and name 'my_package'
[0.205s] Level 1:colcon.colcon_core.package_identification:_identify(talker_listener) by extensions ['ignore', 'ignore_ament_install']
[0.206s] Level 1:colcon.colcon_core.package_identification:_identify(talker_listener) by extension 'ignore'
[0.206s] Level 1:colcon.colcon_core.package_identification:_identify(talker_listener) by extension 'ignore_ament_install'
[0.206s] Level 1:colcon.colcon_core.package_identification:_identify(talker_listener) by extensions ['colcon_pkg']
[0.206s] Level 1:colcon.colcon_core.package_identification:_identify(talker_listener) by extension 'colcon_pkg'
[0.206s] Level 1:colcon.colcon_core.package_identification:_identify(talker_listener) by extensions ['colcon_meta']
[0.206s] Level 1:colcon.colcon_core.package_identification:_identify(talker_listener) by extension 'colcon_meta'
[0.206s] Level 1:colcon.colcon_core.package_identification:_identify(talker_listener) by extensions ['ros']
[0.206s] Level 1:colcon.colcon_core.package_identification:_identify(talker_listener) by extension 'ros'
[0.206s] DEBUG:colcon.colcon_core.package_identification:Package 'talker_listener' with type 'ros.ament_python' and name 'talker_listener'
[0.206s] Level 1:colcon.colcon_core.package_discovery:discover_packages(recursive) using defaults
[0.206s] Level 1:colcon.colcon_core.package_discovery:discover_packages(ignore) discover
[0.206s] Level 1:colcon.colcon_core.package_discovery:discover_packages(ignore) using defaults
[0.206s] Level 1:colcon.colcon_core.package_discovery:discover_packages(path) discover
[0.206s] Level 1:colcon.colcon_core.package_discovery:discover_packages(path) using defaults
[0.226s] Level 1:colcon.colcon_core.package_discovery:discover_packages(prefix_path) check parameters
[0.226s] Level 1:colcon.colcon_core.package_discovery:discover_packages(prefix_path) discover
[0.227s] DEBUG:colcon.colcon_installed_package_information.package_discovery:Found 2 installed packages in /home/yash_ubuntu/my_ws/install
[0.229s] DEBUG:colcon.colcon_installed_package_information.package_discovery:Found 322 installed packages in /opt/ros/kilted
[0.230s] Level 1:colcon.colcon_core.package_discovery:discover_packages(prefix_path) using defaults
[0.272s] Level 5:colcon.colcon_core.verb:set package 'my_package' build argument 'cmake_args' from command line to 'None'
[0.272s] Level 5:colcon.colcon_core.verb:set package 'my_package' build argument 'cmake_target' from command line to 'None'
[0.272s] Level 5:colcon.colcon_core.verb:set package 'my_package' build argument 'cmake_target_skip_unavailable' from command line to 'False'
[0.272s] Level 5:colcon.colcon_core.verb:set package 'my_package' build argument 'cmake_clean_cache' from command line to 'False'
[0.272s] Level 5:colcon.colcon_core.verb:set package 'my_package' build argument 'cmake_clean_first' from command line to 'False'
[0.272s] Level 5:colcon.colcon_core.verb:set package 'my_package' build argument 'cmake_force_configure' from command line to 'False'
[0.272s] Level 5:colcon.colcon_core.verb:set package 'my_package' build argument 'ament_cmake_args' from command line to 'None'
[0.272s] Level 5:colcon.colcon_core.verb:set package 'my_package' build argument 'catkin_cmake_args' from command line to 'None'
[0.272s] Level 5:colcon.colcon_core.verb:set package 'my_package' build argument 'catkin_skip_building_tests' from command line to 'False'
[0.272s] DEBUG:colcon.colcon_core.verb:Building package 'my_package' with the following arguments: {'ament_cmake_args': None, 'build_base': '/home/yash_ubuntu/my_ws/src/build/my_package', 'catkin_cmake_args': None, 'catkin_skip_building_tests': False, 'cmake_args': None, 'cmake_clean_cache': False, 'cmake_clean_first': False, 'cmake_force_configure': False, 'cmake_target': None, 'cmake_target_skip_unavailable': False, 'install_base': '/home/yash_ubuntu/my_ws/src/install/my_package', 'merge_install': False, 'path': '/home/yash_ubuntu/my_ws/src/my_package', 'symlink_install': True, 'test_result_base': None}
[0.272s] Level 5:colcon.colcon_core.verb:set package 'talker_listener' build argument 'cmake_args' from command line to 'None'
[0.272s] Level 5:colcon.colcon_core.verb:set package 'talker_listener' build argument 'cmake_target' from command line to 'None'
[0.272s] Level 5:colcon.colcon_core.verb:set package 'talker_listener' build argument 'cmake_target_skip_unavailable' from command line to 'False'
[0.272s] Level 5:colcon.colcon_core.verb:set package 'talker_listener' build argument 'cmake_clean_cache' from command line to 'False'
[0.272s] Level 5:colcon.colcon_core.verb:set package 'talker_listener' build argument 'cmake_clean_first' from command line to 'False'
[0.272s] Level 5:colcon.colcon_core.verb:set package 'talker_listener' build argument 'cmake_force_configure' from command line to 'False'
[0.272s] Level 5:colcon.colcon_core.verb:set package 'talker_listener' build argument 'ament_cmake_args' from command line to 'None'
[0.272s] Level 5:colcon.colcon_core.verb:set package 'talker_listener' build argument 'catkin_cmake_args' from command line to 'None'
[0.272s] Level 5:colcon.colcon_core.verb:set package 'talker_listener' build argument 'catkin_skip_building_tests' from command line to 'False'
[0.273s] DEBUG:colcon.colcon_core.verb:Building package 'talker_listener' with the following arguments: {'ament_cmake_args': None, 'build_base': '/home/yash_ubuntu/my_ws/src/build/talker_listener', 'catkin_cmake_args': None, 'catkin_skip_building_tests': False, 'cmake_args': None, 'cmake_clean_cache': False, 'cmake_clean_first': False, 'cmake_force_configure': False, 'cmake_target': None, 'cmake_target_skip_unavailable': False, 'install_base': '/home/yash_ubuntu/my_ws/src/install/talker_listener', 'merge_install': False, 'path': '/home/yash_ubuntu/my_ws/src/talker_listener', 'symlink_install': True, 'test_result_base': None}
[0.273s] INFO:colcon.colcon_core.executor:Executing jobs using 'parallel' executor
[0.274s] DEBUG:colcon.colcon_parallel_executor.executor.parallel:run_until_complete
[0.275s] INFO:colcon.colcon_ros.task.ament_cmake.build:Building ROS package in '/home/yash_ubuntu/my_ws/src/my_package' with build type 'ament_cmake'
[0.275s] INFO:colcon.colcon_cmake.task.cmake.build:Building CMake package in '/home/yash_ubuntu/my_ws/src/my_package'
[0.277s] INFO:colcon.colcon_core.plugin_system:Skipping extension 'colcon_core.shell.bat': Not used on non-Windows systems
[0.277s] INFO:colcon.colcon_core.shell:Skip shell extension 'powershell' for command environment: Not usable outside of PowerShell
[0.277s] DEBUG:colcon.colcon_core.shell:Skip shell extension 'dsv' for command environment
[0.282s] INFO:colcon.colcon_ros.task.ament_python.build:Building ROS package in '/home/yash_ubuntu/my_ws/src/talker_listener' with build type 'ament_python'
[0.282s] Level 1:colcon.colcon_core.shell:create_environment_hook('talker_listener', 'ament_prefix_path')
[0.282s] INFO:colcon.colcon_core.shell:Creating environment hook '/home/yash_ubuntu/my_ws/src/install/talker_listener/share/talker_listener/hook/ament_prefix_path.ps1'
[0.283s] INFO:colcon.colcon_core.shell:Creating environment descriptor '/home/yash_ubuntu/my_ws/src/install/talker_listener/share/talker_listener/hook/ament_prefix_path.dsv'
[0.283s] INFO:colcon.colcon_core.shell:Creating environment hook '/home/yash_ubuntu/my_ws/src/install/talker_listener/share/talker_listener/hook/ament_prefix_path.sh'
[0.284s] INFO:colcon.colcon_core.shell:Skip shell extension 'powershell' for command environment: Not usable outside of PowerShell
[0.284s] DEBUG:colcon.colcon_core.shell:Skip shell extension 'dsv' for command environment
[0.293s] DEBUG:colcon.colcon_core.event_handler.log_command:Invoking command in '/home/yash_ubuntu/my_ws/src/build/my_package': CMAKE_PREFIX_PATH=${CMAKE_PREFIX_PATH}:/home/yash_ubuntu/my_ws/install/talker_listener:/opt/ros/kilted DEBUGINFOD_URLS=https://debuginfod.ubuntu.com /usr/bin/cmake /home/yash_ubuntu/my_ws/src/my_package -DAMENT_CMAKE_SYMLINK_INSTALL=1 -DCMAKE_INSTALL_PREFIX=/home/yash_ubuntu/my_ws/src/install/my_package
[0.560s] INFO:colcon.colcon_core.task.python.build:Building Python package in '/home/yash_ubuntu/my_ws/src/talker_listener'
[0.560s] INFO:colcon.colcon_core.shell:Skip shell extension 'powershell' for command environment: Not usable outside of PowerShell
[0.560s] DEBUG:colcon.colcon_core.shell:Skip shell extension 'dsv' for command environment
[1.226s] DEBUG:colcon.colcon_core.event_handler.log_command:Invoking command in '/home/yash_ubuntu/my_ws/src/build/talker_listener': DEBUGINFOD_URLS=https://debuginfod.ubuntu.com PYTHONPATH=/home/yash_ubuntu/my_ws/src/build/talker_listener/prefix_override:/usr/lib/python3/dist-packages/colcon_core/task/python/colcon_distutils_commands:/home/yash_ubuntu/my_ws/src/install/talker_listener/lib/python3.12/site-packages:${PYTHONPATH} /usr/bin/python3 -W ignore:setup.py install is deprecated -W ignore:easy_install command is deprecated setup.py develop --editable --build-directory /home/yash_ubuntu/my_ws/src/build/talker_listener/build --no-deps symlink_data
[1.280s] DEBUG:colcon.colcon_core.event_handler.log_command:Invoked command in '/home/yash_ubuntu/my_ws/src/build/my_package' returned '0': CMAKE_PREFIX_PATH=${CMAKE_PREFIX_PATH}:/home/yash_ubuntu/my_ws/install/talker_listener:/opt/ros/kilted DEBUGINFOD_URLS=https://debuginfod.ubuntu.com /usr/bin/cmake /home/yash_ubuntu/my_ws/src/my_package -DAMENT_CMAKE_SYMLINK_INSTALL=1 -DCMAKE_INSTALL_PREFIX=/home/yash_ubuntu/my_ws/src/install/my_package
[1.282s] DEBUG:colcon.colcon_core.event_handler.log_command:Invoking command in '/home/yash_ubuntu/my_ws/src/build/my_package': CMAKE_PREFIX_PATH=${CMAKE_PREFIX_PATH}:/home/yash_ubuntu/my_ws/install/talker_listener:/opt/ros/kilted DEBUGINFOD_URLS=https://debuginfod.ubuntu.com /usr/bin/cmake --build /home/yash_ubuntu/my_ws/src/build/my_package -- -j16 -l16
[1.343s] DEBUG:colcon.colcon_core.event_handler.log_command:Invoked command in '/home/yash_ubuntu/my_ws/src/build/my_package' returned '0': CMAKE_PREFIX_PATH=${CMAKE_PREFIX_PATH}:/home/yash_ubuntu/my_ws/install/talker_listener:/opt/ros/kilted DEBUGINFOD_URLS=https://debuginfod.ubuntu.com /usr/bin/cmake --build /home/yash_ubuntu/my_ws/src/build/my_package -- -j16 -l16
[1.355s] DEBUG:colcon.colcon_core.event_handler.log_command:Invoking command in '/home/yash_ubuntu/my_ws/src/build/my_package': CMAKE_PREFIX_PATH=${CMAKE_PREFIX_PATH}:/home/yash_ubuntu/my_ws/install/talker_listener:/opt/ros/kilted DEBUGINFOD_URLS=https://debuginfod.ubuntu.com /usr/bin/cmake --install /home/yash_ubuntu/my_ws/src/build/my_package
[1.579s] Level 1:colcon.colcon_core.environment:create_environment_scripts_only(my_package)
[1.580s] DEBUG:colcon.colcon_core.event_handler.log_command:Invoked command in '/home/yash_ubuntu/my_ws/src/build/my_package' returned '0': CMAKE_PREFIX_PATH=${CMAKE_PREFIX_PATH}:/home/yash_ubuntu/my_ws/install/talker_listener:/opt/ros/kilted DEBUGINFOD_URLS=https://debuginfod.ubuntu.com /usr/bin/cmake --install /home/yash_ubuntu/my_ws/src/build/my_package
[1.584s] Level 1:colcon.colcon_core.environment:checking '/home/yash_ubuntu/my_ws/src/install/my_package' for CMake module files
[1.585s] Level 1:colcon.colcon_core.environment:checking '/home/yash_ubuntu/my_ws/src/install/my_package' for CMake config files
[1.585s] Level 1:colcon.colcon_core.shell:create_environment_hook('my_package', 'cmake_prefix_path')
[1.586s] INFO:colcon.colcon_core.shell:Creating environment hook '/home/yash_ubuntu/my_ws/src/install/my_package/share/my_package/hook/cmake_prefix_path.ps1'
[1.587s] INFO:colcon.colcon_core.shell:Creating environment descriptor '/home/yash_ubuntu/my_ws/src/install/my_package/share/my_package/hook/cmake_prefix_path.dsv'
[1.588s] INFO:colcon.colcon_core.shell:Creating environment hook '/home/yash_ubuntu/my_ws/src/install/my_package/share/my_package/hook/cmake_prefix_path.sh'
[1.588s] Level 1:colcon.colcon_core.environment:checking '/home/yash_ubuntu/my_ws/src/install/my_package/bin'
[1.589s] Level 1:colcon.colcon_core.environment:checking '/home/yash_ubuntu/my_ws/src/install/my_package/lib/pkgconfig/my_package.pc'
[1.589s] Level 1:colcon.colcon_core.environment:checking '/home/yash_ubuntu/my_ws/src/install/my_package/lib/python3.12/site-packages'
[1.589s] Level 1:colcon.colcon_core.environment:checking '/home/yash_ubuntu/my_ws/src/install/my_package/bin'
[1.589s] INFO:colcon.colcon_core.shell:Creating package script '/home/yash_ubuntu/my_ws/src/install/my_package/share/my_package/package.ps1'
[1.590s] INFO:colcon.colcon_core.shell:Creating package descriptor '/home/yash_ubuntu/my_ws/src/install/my_package/share/my_package/package.dsv'
[1.591s] INFO:colcon.colcon_core.shell:Creating package script '/home/yash_ubuntu/my_ws/src/install/my_package/share/my_package/package.sh'
[1.592s] INFO:colcon.colcon_core.shell:Creating package script '/home/yash_ubuntu/my_ws/src/install/my_package/share/my_package/package.bash'
[1.592s] INFO:colcon.colcon_core.shell:Creating package script '/home/yash_ubuntu/my_ws/src/install/my_package/share/my_package/package.zsh'
[1.593s] Level 1:colcon.colcon_core.environment:create_file_with_runtime_dependencies(/home/yash_ubuntu/my_ws/src/install/my_package/share/colcon-core/packages/my_package)
[1.593s] Level 1:colcon.colcon_core.environment:create_environment_scripts_only(my_package)
[1.594s] Level 1:colcon.colcon_core.environment:checking '/home/yash_ubuntu/my_ws/src/install/my_package' for CMake module files
[1.595s] Level 1:colcon.colcon_core.environment:checking '/home/yash_ubuntu/my_ws/src/install/my_package' for CMake config files
[1.595s] Level 1:colcon.colcon_core.shell:create_environment_hook('my_package', 'cmake_prefix_path')
[1.595s] INFO:colcon.colcon_core.shell:Creating environment hook '/home/yash_ubuntu/my_ws/src/install/my_package/share/my_package/hook/cmake_prefix_path.ps1'
[1.596s] INFO:colcon.colcon_core.shell:Creating environment descriptor '/home/yash_ubuntu/my_ws/src/install/my_package/share/my_package/hook/cmake_prefix_path.dsv'
[1.596s] INFO:colcon.colcon_core.shell:Creating environment hook '/home/yash_ubuntu/my_ws/src/install/my_package/share/my_package/hook/cmake_prefix_path.sh'
[1.596s] Level 1:colcon.colcon_core.environment:checking '/home/yash_ubuntu/my_ws/src/install/my_package/bin'
[1.596s] Level 1:colcon.colcon_core.environment:checking '/home/yash_ubuntu/my_ws/src/install/my_package/lib/pkgconfig/my_package.pc'
[1.597s] Level 1:colcon.colcon_core.environment:checking '/home/yash_ubuntu/my_ws/src/install/my_package/lib/python3.12/site-packages'
[1.597s] Level 1:colcon.colcon_core.environment:checking '/home/yash_ubuntu/my_ws/src/install/my_package/bin'
[1.597s] INFO:colcon.colcon_core.shell:Creating package script '/home/yash_ubuntu/my_ws/src/install/my_package/share/my_package/package.ps1'
[1.598s] INFO:colcon.colcon_core.shell:Creating package descriptor '/home/yash_ubuntu/my_ws/src/install/my_package/share/my_package/package.dsv'
[1.598s] INFO:colcon.colcon_core.shell:Creating package script '/home/yash_ubuntu/my_ws/src/install/my_package/share/my_package/package.sh'
[1.598s] INFO:colcon.colcon_core.shell:Creating package script '/home/yash_ubuntu/my_ws/src/install/my_package/share/my_package/package.bash'
[1.599s] INFO:colcon.colcon_core.shell:Creating package script '/home/yash_ubuntu/my_ws/src/install/my_package/share/my_package/package.zsh'
[1.599s] Level 1:colcon.colcon_core.environment:create_file_with_runtime_dependencies(/home/yash_ubuntu/my_ws/src/install/my_package/share/colcon-core/packages/my_package)
[1.918s] Level 1:colcon.colcon_core.shell:create_environment_hook('talker_listener', 'pythonpath_develop')
[1.919s] INFO:colcon.colcon_core.shell:Creating environment hook '/home/yash_ubuntu/my_ws/src/build/talker_listener/share/talker_listener/hook/pythonpath_develop.ps1'
[1.920s] DEBUG:colcon.colcon_core.event_handler.log_command:Invoked command in '/home/yash_ubuntu/my_ws/src/build/talker_listener' returned '0': DEBUGINFOD_URLS=https://debuginfod.ubuntu.com PYTHONPATH=/home/yash_ubuntu/my_ws/src/build/talker_listener/prefix_override:/usr/lib/python3/dist-packages/colcon_core/task/python/colcon_distutils_commands:/home/yash_ubuntu/my_ws/src/install/talker_listener/lib/python3.12/site-packages:${PYTHONPATH} /usr/bin/python3 -W ignore:setup.py install is deprecated -W ignore:easy_install command is deprecated setup.py develop --editable --build-directory /home/yash_ubuntu/my_ws/src/build/talker_listener/build --no-deps symlink_data
[1.921s] INFO:colcon.colcon_core.shell:Creating environment descriptor '/home/yash_ubuntu/my_ws/src/build/talker_listener/share/talker_listener/hook/pythonpath_develop.dsv'
[1.921s] INFO:colcon.colcon_core.shell:Creating environment hook '/home/yash_ubuntu/my_ws/src/build/talker_listener/share/talker_listener/hook/pythonpath_develop.sh'
[1.922s] Level 1:colcon.colcon_core.environment:checking '/home/yash_ubuntu/my_ws/src/install/talker_listener' for CMake module files
[1.922s] Level 1:colcon.colcon_core.environment:checking '/home/yash_ubuntu/my_ws/src/install/talker_listener' for CMake config files
[1.923s] Level 1:colcon.colcon_core.environment:checking '/home/yash_ubuntu/my_ws/src/install/talker_listener/lib'
[1.923s] Level 1:colcon.colcon_core.environment:checking '/home/yash_ubuntu/my_ws/src/install/talker_listener/bin'
[1.923s] Level 1:colcon.colcon_core.environment:checking '/home/yash_ubuntu/my_ws/src/install/talker_listener/lib/pkgconfig/talker_listener.pc'
[1.924s] Level 1:colcon.colcon_core.environment:checking '/home/yash_ubuntu/my_ws/src/install/talker_listener/lib/python3.12/site-packages'
[1.924s] Level 1:colcon.colcon_core.shell:create_environment_hook('talker_listener', 'pythonpath')
[1.924s] INFO:colcon.colcon_core.shell:Creating environment hook '/home/yash_ubuntu/my_ws/src/install/talker_listener/share/talker_listener/hook/pythonpath.ps1'
[1.924s] INFO:colcon.colcon_core.shell:Creating environment descriptor '/home/yash_ubuntu/my_ws/src/install/talker_listener/share/talker_listener/hook/pythonpath.dsv'
[1.925s] INFO:colcon.colcon_core.shell:Creating environment hook '/home/yash_ubuntu/my_ws/src/install/talker_listener/share/talker_listener/hook/pythonpath.sh'
[1.925s] Level 1:colcon.colcon_core.environment:checking '/home/yash_ubuntu/my_ws/src/install/talker_listener/bin'
[1.925s] Level 1:colcon.colcon_core.environment:create_environment_scripts_only(talker_listener)
[1.925s] INFO:colcon.colcon_core.shell:Creating package script '/home/yash_ubuntu/my_ws/src/install/talker_listener/share/talker_listener/package.ps1'
[1.926s] INFO:colcon.colcon_core.shell:Creating package descriptor '/home/yash_ubuntu/my_ws/src/install/talker_listener/share/talker_listener/package.dsv'
[1.926s] INFO:colcon.colcon_core.shell:Creating package script '/home/yash_ubuntu/my_ws/src/install/talker_listener/share/talker_listener/package.sh'
[1.927s] INFO:colcon.colcon_core.shell:Creating package script '/home/yash_ubuntu/my_ws/src/install/talker_listener/share/talker_listener/package.bash'
[1.927s] INFO:colcon.colcon_core.shell:Creating package script '/home/yash_ubuntu/my_ws/src/install/talker_listener/share/talker_listener/package.zsh'
[1.927s] Level 1:colcon.colcon_core.environment:create_file_with_runtime_dependencies(/home/yash_ubuntu/my_ws/src/install/talker_listener/share/colcon-core/packages/talker_listener)
[1.928s] DEBUG:colcon.colcon_parallel_executor.executor.parallel:closing loop
[1.928s] DEBUG:colcon.colcon_parallel_executor.executor.parallel:loop closed
[1.929s] DEBUG:colcon.colcon_parallel_executor.executor.parallel:run_until_complete finished with '0'
[1.929s] DEBUG:colcon.colcon_core.event_reactor:joining thread
[1.938s] INFO:colcon.colcon_core.plugin_system:Skipping extension 'colcon_notification.desktop_notification.terminal_notifier': Not used on non-Darwin systems
[1.938s] INFO:colcon.colcon_core.plugin_system:Skipping extension 'colcon_notification.desktop_notification.win32': Not used on non-Windows systems
[1.938s] INFO:colcon.colcon_notification.desktop_notification:Sending desktop notification using 'notify2'
[1.964s] DEBUG:colcon.colcon_core.event_reactor:joined thread
[1.964s] INFO:colcon.colcon_core.shell:Creating prefix script '/home/yash_ubuntu/my_ws/src/install/local_setup.ps1'
[1.965s] INFO:colcon.colcon_core.shell:Creating prefix util module '/home/yash_ubuntu/my_ws/src/install/_local_setup_util_ps1.py'
[1.967s] INFO:colcon.colcon_core.shell:Creating prefix chain script '/home/yash_ubuntu/my_ws/src/install/setup.ps1'
[1.968s] INFO:colcon.colcon_core.shell:Creating prefix script '/home/yash_ubuntu/my_ws/src/install/local_setup.sh'
[1.969s] INFO:colcon.colcon_core.shell:Creating prefix util module '/home/yash_ubuntu/my_ws/src/install/_local_setup_util_sh.py'
[1.970s] INFO:colcon.colcon_core.shell:Creating prefix chain script '/home/yash_ubuntu/my_ws/src/install/setup.sh'
[1.971s] INFO:colcon.colcon_core.shell:Creating prefix script '/home/yash_ubuntu/my_ws/src/install/local_setup.bash'
[1.972s] INFO:colcon.colcon_core.shell:Creating prefix chain script '/home/yash_ubuntu/my_ws/src/install/setup.bash'
[1.974s] INFO:colcon.colcon_core.shell:Creating prefix script '/home/yash_ubuntu/my_ws/src/install/local_setup.zsh'
[1.974s] INFO:colcon.colcon_core.shell:Creating prefix chain script '/home/yash_ubuntu/my_ws/src/install/setup.zsh'
